  Actor.cpp
  ActorIni.h
  Allocators.cpp
  Assert.Win32.cpp
  CollisionCheck.cpp
  ConsolePrint.Win32.cpp
  Engine.cpp
  FileProcessDataToActor.cpp
  FileProcessor.cpp
  FileRead.cpp
  FixedSizeAllocator.cpp
  GameObject.cpp
  HashString.cpp
  HeapManager.cpp
  LauHandler.cpp
  Matrix4.cpp
  Matrix4.SSE.cpp
  MessageSystem.cpp
  MutexLockInline.h
  Physics.cpp
  Compiling...
  Player2Controller.cpp
Player2Controller.cpp(43): warning C4244: 'argument': conversion from 'double' to 'float', possible loss of data
  PlayerController.cpp
PlayerController.cpp(31): warning C4244: 'argument': conversion from 'double' to 'float', possible loss of data
  ScoringSystem.cpp
  Serializer.cpp
Serializer.cpp(84): warning C4244: 'initializing': conversion from 'std::streamoff' to 'long', possible loss of data
  SpriteRenderer.cpp
  StringPool.cpp
  Vector.cpp
  Vector4.cpp
  Engine.vcxproj -> C:\Users\Pranav S Nayak\Documents\Visual Studio 2015\Projects\GameEngine\Assignment2.01\Release\Engine.lib
