c:\users\pranav s nayak\documents\visual studio 2015\projects\gameengine\engine\debug\engine.pdb
c:\users\pranav s nayak\documents\visual studio 2015\projects\gameengine\engine\debug\engine.idb
c:\users\pranav s nayak\documents\visual studio 2015\projects\gameengine\engine\debug\fileprocessor.obj
c:\users\pranav s nayak\documents\visual studio 2015\projects\gameengine\engine\debug\fileread.obj
c:\users\pranav s nayak\documents\visual studio 2015\projects\gameengine\engine\debug\fixedsizeallocator.obj
c:\users\pranav s nayak\documents\visual studio 2015\projects\gameengine\engine\debug\gameobject.obj
c:\users\pranav s nayak\documents\visual studio 2015\projects\gameengine\engine\debug\hashstring.obj
c:\users\pranav s nayak\documents\visual studio 2015\projects\gameengine\engine\debug\heapmanager.obj
c:\users\pranav s nayak\documents\visual studio 2015\projects\gameengine\engine\debug\lauhandler.obj
c:\users\pranav s nayak\documents\visual studio 2015\projects\gameengine\engine\debug\matrix4.obj
c:\users\pranav s nayak\documents\visual studio 2015\projects\gameengine\engine\debug\matrix4.sse.obj
c:\users\pranav s nayak\documents\visual studio 2015\projects\gameengine\engine\debug\messagesystem.obj
c:\users\pranav s nayak\documents\visual studio 2015\projects\gameengine\engine\debug\mutexlockinline.obj
c:\users\pranav s nayak\documents\visual studio 2015\projects\gameengine\engine\debug\physics.obj
c:\users\pranav s nayak\documents\visual studio 2015\projects\gameengine\engine\debug\player2controller.obj
c:\users\pranav s nayak\documents\visual studio 2015\projects\gameengine\engine\debug\playercontroller.obj
c:\users\pranav s nayak\documents\visual studio 2015\projects\gameengine\engine\debug\serializer.obj
c:\users\pranav s nayak\documents\visual studio 2015\projects\gameengine\engine\debug\spriterenderer.obj
c:\users\pranav s nayak\documents\visual studio 2015\projects\gameengine\engine\debug\stringpool.obj
c:\users\pranav s nayak\documents\visual studio 2015\projects\gameengine\engine\debug\vector.obj
c:\users\pranav s nayak\documents\visual studio 2015\projects\gameengine\engine\debug\vector4.obj
c:\users\pranav s nayak\documents\visual studio 2015\projects\gameengine\engine\debug\actor.obj
c:\users\pranav s nayak\documents\visual studio 2015\projects\gameengine\engine\debug\actorini.obj
c:\users\pranav s nayak\documents\visual studio 2015\projects\gameengine\engine\debug\allocators.obj
c:\users\pranav s nayak\documents\visual studio 2015\projects\gameengine\engine\debug\assert.win32.obj
c:\users\pranav s nayak\documents\visual studio 2015\projects\gameengine\engine\debug\collisioncheck.obj
c:\users\pranav s nayak\documents\visual studio 2015\projects\gameengine\engine\debug\consoleprint.win32.obj
c:\users\pranav s nayak\documents\visual studio 2015\projects\gameengine\engine\debug\engine.obj
c:\users\pranav s nayak\documents\visual studio 2015\projects\gameengine\engine\debug\fileprocessdatatoactor.obj
c:\users\pranav s nayak\documents\visual studio 2015\projects\gameengine\engine\debug\engine.tlog\cl.command.1.tlog
c:\users\pranav s nayak\documents\visual studio 2015\projects\gameengine\engine\debug\engine.tlog\cl.read.1.tlog
c:\users\pranav s nayak\documents\visual studio 2015\projects\gameengine\engine\debug\engine.tlog\cl.write.1.tlog
