c:\users\pranav s nayak\documents\visual studio 2015\projects\gameengine\engine\x64\release\engine.pdb
c:\users\pranav s nayak\documents\visual studio 2015\projects\gameengine\engine\x64\release\physics.obj
c:\users\pranav s nayak\documents\visual studio 2015\projects\gameengine\engine\x64\release\mutexlockinline.obj
c:\users\pranav s nayak\documents\visual studio 2015\projects\gameengine\engine\x64\release\messagesystem.obj
c:\users\pranav s nayak\documents\visual studio 2015\projects\gameengine\engine\x64\release\matrix4.sse.obj
c:\users\pranav s nayak\documents\visual studio 2015\projects\gameengine\engine\x64\release\matrix4.obj
c:\users\pranav s nayak\documents\visual studio 2015\projects\gameengine\engine\x64\release\lauhandler.obj
c:\users\pranav s nayak\documents\visual studio 2015\projects\gameengine\engine\x64\release\heapmanager.obj
c:\users\pranav s nayak\documents\visual studio 2015\projects\gameengine\engine\x64\release\hashstring.obj
c:\users\pranav s nayak\documents\visual studio 2015\projects\gameengine\engine\x64\release\gameobject.obj
c:\users\pranav s nayak\documents\visual studio 2015\projects\gameengine\engine\x64\release\fixedsizeallocator.obj
c:\users\pranav s nayak\documents\visual studio 2015\projects\gameengine\engine\x64\release\fileread.obj
c:\users\pranav s nayak\documents\visual studio 2015\projects\gameengine\engine\x64\release\fileprocessor.obj
c:\users\pranav s nayak\documents\visual studio 2015\projects\gameengine\engine\x64\release\fileprocessdatatoactor.obj
c:\users\pranav s nayak\documents\visual studio 2015\projects\gameengine\engine\x64\release\engine.obj
c:\users\pranav s nayak\documents\visual studio 2015\projects\gameengine\engine\x64\release\consoleprint.win32.obj
c:\users\pranav s nayak\documents\visual studio 2015\projects\gameengine\engine\x64\release\collisioncheck.obj
c:\users\pranav s nayak\documents\visual studio 2015\projects\gameengine\engine\x64\release\assert.win32.obj
c:\users\pranav s nayak\documents\visual studio 2015\projects\gameengine\engine\x64\release\allocators.obj
c:\users\pranav s nayak\documents\visual studio 2015\projects\gameengine\engine\x64\release\actorini.obj
c:\users\pranav s nayak\documents\visual studio 2015\projects\gameengine\engine\x64\release\actor.obj
c:\users\pranav s nayak\documents\visual studio 2015\projects\gameengine\engine\x64\release\vector4.obj
c:\users\pranav s nayak\documents\visual studio 2015\projects\gameengine\engine\x64\release\vector.obj
c:\users\pranav s nayak\documents\visual studio 2015\projects\gameengine\engine\x64\release\stringpool.obj
c:\users\pranav s nayak\documents\visual studio 2015\projects\gameengine\engine\x64\release\spriterenderer.obj
c:\users\pranav s nayak\documents\visual studio 2015\projects\gameengine\engine\x64\release\serializer.obj
c:\users\pranav s nayak\documents\visual studio 2015\projects\gameengine\engine\x64\release\playercontroller.obj
c:\users\pranav s nayak\documents\visual studio 2015\projects\gameengine\engine\x64\release\scoringsystem.obj
c:\users\pranav s nayak\documents\visual studio 2015\projects\gameengine\engine\x64\release\player2controller.obj
c:\users\pranav s nayak\documents\visual studio 2015\projects\gameengine\assignment2.01\x64\release\engine.lib
c:\users\pranav s nayak\documents\visual studio 2015\projects\gameengine\engine\x64\release\engine.tlog\cl.command.1.tlog
c:\users\pranav s nayak\documents\visual studio 2015\projects\gameengine\engine\x64\release\engine.tlog\cl.read.1.tlog
c:\users\pranav s nayak\documents\visual studio 2015\projects\gameengine\engine\x64\release\engine.tlog\cl.write.1.tlog
c:\users\pranav s nayak\documents\visual studio 2015\projects\gameengine\engine\x64\release\engine.tlog\lib-link.read.1.tlog
c:\users\pranav s nayak\documents\visual studio 2015\projects\gameengine\engine\x64\release\engine.tlog\lib-link.write.1.tlog
c:\users\pranav s nayak\documents\visual studio 2015\projects\gameengine\engine\x64\release\engine.tlog\lib.command.1.tlog
