c:\users\pranav s nayak\documents\visual studio 2015\projects\gameengine\assignment2.01\debug\engine.pdb
c:\users\pranav s nayak\documents\visual studio 2015\projects\gameengine\assignment2.01\debug\engine.idb
c:\users\pranav s nayak\documents\visual studio 2015\projects\gameengine\assignment2.01\debug\engine.obj
c:\users\pranav s nayak\documents\visual studio 2015\projects\gameengine\assignment2.01\debug\fileprocessdatatoactor.obj
c:\users\pranav s nayak\documents\visual studio 2015\projects\gameengine\assignment2.01\debug\fileprocessor.obj
c:\users\pranav s nayak\documents\visual studio 2015\projects\gameengine\assignment2.01\debug\fileread.obj
c:\users\pranav s nayak\documents\visual studio 2015\projects\gameengine\assignment2.01\debug\fixedsizeallocator.obj
c:\users\pranav s nayak\documents\visual studio 2015\projects\gameengine\assignment2.01\debug\gameobject.obj
c:\users\pranav s nayak\documents\visual studio 2015\projects\gameengine\assignment2.01\debug\hashstring.obj
c:\users\pranav s nayak\documents\visual studio 2015\projects\gameengine\assignment2.01\debug\heapmanager.obj
c:\users\pranav s nayak\documents\visual studio 2015\projects\gameengine\assignment2.01\debug\lauhandler.obj
c:\users\pranav s nayak\documents\visual studio 2015\projects\gameengine\assignment2.01\debug\matrix4.obj
c:\users\pranav s nayak\documents\visual studio 2015\projects\gameengine\assignment2.01\debug\matrix4.sse.obj
c:\users\pranav s nayak\documents\visual studio 2015\projects\gameengine\assignment2.01\debug\messagesystem.obj
c:\users\pranav s nayak\documents\visual studio 2015\projects\gameengine\assignment2.01\debug\mutexlockinline.obj
c:\users\pranav s nayak\documents\visual studio 2015\projects\gameengine\assignment2.01\debug\physics.obj
c:\users\pranav s nayak\documents\visual studio 2015\projects\gameengine\assignment2.01\debug\playercontroller.obj
c:\users\pranav s nayak\documents\visual studio 2015\projects\gameengine\assignment2.01\debug\serializer.obj
c:\users\pranav s nayak\documents\visual studio 2015\projects\gameengine\assignment2.01\debug\spriterenderer.obj
c:\users\pranav s nayak\documents\visual studio 2015\projects\gameengine\assignment2.01\debug\stringpool.obj
c:\users\pranav s nayak\documents\visual studio 2015\projects\gameengine\assignment2.01\debug\vector.obj
c:\users\pranav s nayak\documents\visual studio 2015\projects\gameengine\assignment2.01\debug\vector4.obj
c:\users\pranav s nayak\documents\visual studio 2015\projects\gameengine\assignment2.01\debug\actor.obj
c:\users\pranav s nayak\documents\visual studio 2015\projects\gameengine\assignment2.01\debug\actorini.obj
c:\users\pranav s nayak\documents\visual studio 2015\projects\gameengine\assignment2.01\debug\allocators.obj
c:\users\pranav s nayak\documents\visual studio 2015\projects\gameengine\assignment2.01\debug\assert.win32.obj
c:\users\pranav s nayak\documents\visual studio 2015\projects\gameengine\assignment2.01\debug\collisioncheck.obj
c:\users\pranav s nayak\documents\visual studio 2015\projects\gameengine\assignment2.01\debug\consoleprint.win32.obj
c:\users\pranav s nayak\documents\visual studio 2015\projects\gameengine\assignment2.01\debug\engine.lib
c:\users\pranav s nayak\documents\visual studio 2015\projects\gameengine\assignment2.01\debug\engine.tlog\cl.command.1.tlog
c:\users\pranav s nayak\documents\visual studio 2015\projects\gameengine\assignment2.01\debug\engine.tlog\cl.read.1.tlog
c:\users\pranav s nayak\documents\visual studio 2015\projects\gameengine\assignment2.01\debug\engine.tlog\cl.write.1.tlog
c:\users\pranav s nayak\documents\visual studio 2015\projects\gameengine\assignment2.01\debug\engine.tlog\lib-link.read.1.tlog
c:\users\pranav s nayak\documents\visual studio 2015\projects\gameengine\assignment2.01\debug\engine.tlog\lib-link.write.1.tlog
c:\users\pranav s nayak\documents\visual studio 2015\projects\gameengine\assignment2.01\debug\engine.tlog\lib.command.1.tlog
